生成启动时间为 2017/5/22 17:47:54。
     1>项目“D:\work_space_PC_GIBH\CtlPump\Pump_ud\Pump_ud\Pump_ud.vcxproj”在节点 2 上(Build 个目标)。
     1>ClCompile:
         C:\Program Files (x86)\Microsoft Visual Studio 12.0\VC\bin\CL.exe /c /ZI /nologo /W3 /WX- /sdl /Od /Oy- /D WIN32 /D _WINDOWS /D _DEBUG /D _UNICODE /D UNICODE /D _AFXDLL /Gm /EHsc /RTC1 /MDd /GS /fp:precise /Zc:wchar_t /Zc:forScope /Yu"stdafx.h" /Fp"Debug\Pump_ud.pch" /Fo"Debug\\" /Fd"Debug\vc120.pdb" /Gd /TP /analyze- /errorReport:prompt UDP_Export.cpp
         UDP_Export.cpp
     1>d:\work_space_pc_gibh\ctlpump\pump_ud\pump_ud\udp_export.cpp(50): warning C4309: “=”: 截断常量值
     1>d:\work_space_pc_gibh\ctlpump\pump_ud\pump_ud\udp_export.cpp(51): warning C4309: “=”: 截断常量值
       Link:
         C:\Program Files (x86)\Microsoft Visual Studio 12.0\VC\bin\link.exe /ERRORREPORT:PROMPT /OUT:"D:\work_space_PC_GIBH\CtlPump\Pump_ud\Debug\Pump_ud.exe" /INCREMENTAL /NOLOGO /MANIFEST /MANIFESTUAC:"level='asInvoker' uiAccess='false'" /manifest:embed /manifestinput:"C:\Program Files (x86)\Microsoft Visual Studio 12.0\VC\Include\Manifest\dpiaware.manifest" /DEBUG /PDB:"D:\work_space_PC_GIBH\CtlPump\Pump_ud\Debug\Pump_ud.pdb" /SUBSYSTEM:WINDOWS /TLBID:1 /ENTRY:"wWinMainCRTStartup" /DYNAMICBASE /NXCOMPAT /IMPLIB:"D:\work_space_PC_GIBH\CtlPump\Pump_ud\Debug\Pump_ud.lib" /MACHINE:X86 Debug\Pump_ud.res
         Debug\DIA_CtrlPump.obj
         Debug\DIA_LightCtrl.obj
         Debug\DIA_UDP.obj
         Debug\ForTestDlg.obj
         Debug\Pump_ud.obj
         Debug\Pump_udDlg.obj
         Debug\stdafx.obj
         Debug\UDP_Export.obj
         Pump_ud.vcxproj -> D:\work_space_PC_GIBH\CtlPump\Pump_ud\Debug\Pump_ud.exe
     1>已完成生成项目“D:\work_space_PC_GIBH\CtlPump\Pump_ud\Pump_ud\Pump_ud.vcxproj”(Build 个目标)的操作。

生成成功。

已用时间 00:00:00.74
