d:\work_space_pc_gibh\ctlpump\pump_ud\pump_ud\debug\pump_ud.pch
d:\work_space_pc_gibh\ctlpump\pump_ud\pump_ud\debug\vc120.pdb
d:\work_space_pc_gibh\ctlpump\pump_ud\pump_ud\debug\vc120.idb
d:\work_space_pc_gibh\ctlpump\pump_ud\pump_ud\debug\stdafx.obj
d:\work_space_pc_gibh\ctlpump\pump_ud\pump_ud\debug\dia_ctrlpump.obj
d:\work_space_pc_gibh\ctlpump\pump_ud\pump_ud\debug\dia_lightctrl.obj
d:\work_space_pc_gibh\ctlpump\pump_ud\pump_ud\debug\dia_udp.obj
d:\work_space_pc_gibh\ctlpump\pump_ud\pump_ud\debug\fortestdlg.obj
d:\work_space_pc_gibh\ctlpump\pump_ud\pump_ud\debug\pump_ud.obj
d:\work_space_pc_gibh\ctlpump\pump_ud\pump_ud\debug\pump_uddlg.obj
d:\work_space_pc_gibh\ctlpump\pump_ud\pump_ud\debug\udp_export.obj
d:\work_space_pc_gibh\ctlpump\pump_ud\debug\pump_ud.ilk
d:\work_space_pc_gibh\ctlpump\pump_ud\debug\pump_ud.exe
d:\work_space_pc_gibh\ctlpump\pump_ud\debug\pump_ud.pdb
d:\work_space_pc_gibh\ctlpump\pump_ud\pump_ud\debug\pump_ud.res
d:\work_space_pc_gibh\ctlpump\pump_ud\pump_ud\debug\pump_ud.tlog\cl.command.1.tlog
d:\work_space_pc_gibh\ctlpump\pump_ud\pump_ud\debug\pump_ud.tlog\cl.read.1.tlog
d:\work_space_pc_gibh\ctlpump\pump_ud\pump_ud\debug\pump_ud.tlog\cl.write.1.tlog
d:\work_space_pc_gibh\ctlpump\pump_ud\pump_ud\debug\pump_ud.tlog\link.command.1.tlog
d:\work_space_pc_gibh\ctlpump\pump_ud\pump_ud\debug\pump_ud.tlog\link.read.1.tlog
d:\work_space_pc_gibh\ctlpump\pump_ud\pump_ud\debug\pump_ud.tlog\link.write.1.tlog
d:\work_space_pc_gibh\ctlpump\pump_ud\pump_ud\debug\pump_ud.tlog\rc.command.1.tlog
d:\work_space_pc_gibh\ctlpump\pump_ud\pump_ud\debug\pump_ud.tlog\rc.read.1.tlog
d:\work_space_pc_gibh\ctlpump\pump_ud\pump_ud\debug\pump_ud.tlog\rc.write.1.tlog
